Arguments: 
  /usr/local/bin/node /usr/local/Cellar/yarn/1.22.4/libexec/bin/yarn.js add @open-zepplin

PATH: 
  /Users/meredithfinkelstein/.nix-profile/bin:/Users/meredithfinkelstein/.rvm/gems/ruby-2.6.5/bin:/Users/meredithfinkelstein/.rvm/gems/ruby-2.6.5@global/bin:/Users/meredithfinkelstein/.rvm/rubies/ruby-2.6.5/bin:/usr/local/var/rbenv/shims:/Users/meredithfinkelstein/.cabal/bin:/Users/meredithfinkelstein/.ghcup/bin:/Users/meredithfinkelstein/.nix-profile/bin:/Users/meredithfinkelstein/.rvm/gems/ruby-2.6.5/bin:/Users/meredithfinkelstein/.rvm/gems/ruby-2.6.5@global/bin:/Users/meredithfinkelstein/.rvm/rubies/ruby-2.6.5/bin:/usr/local/var/rbenv/shims:/Users/meredithfinkelstein/.cabal/bin:/Users/meredithfinkelstein/.ghcup/bin:/usr/local/bin:/usr/bin:/bin:/usr/sbin:/sbin:/usr/local/go/bin:/Library/Apple/usr/bin:/Users/meredithfinkelstein/.local/bin:/Applications/apache-maven-3.6.3/bin:/Users/meredithfinkelstein/Documents/flutter/bin:/Users/meredithfinkelstein/.rvm/bin:[PATH_TO_FLUTTER_GIT_DIRECTORY]/flutter/binI:/Users/meredithfinkelstein/.rvm/bin:/Users/meredithfinkelstein/.local/bin:/Applications/apache-maven-3.6.3/bin:/Users/meredithfinkelstein/Documents/flutter/bin:/Users/meredithfinkelstein/.rvm/bin:[PATH_TO_FLUTTER_GIT_DIRECTORY]/flutter/binI:/Users/meredithfinkelstein/.rvm/bin:/Users/meredithfinkelstein/.local/bin

Yarn version: 
  1.22.4

Node version: 
  16.13.0

Platform: 
  darwin x64

Trace: 
  Error: https://registry.yarnpkg.com/@open-zepplin: Request "https://registry.yarnpkg.com/@open-zepplin" returned a 405
      at Request.params.callback [as _callback] (/usr/local/Cellar/yarn/1.22.4/libexec/lib/cli.js:66996:18)
      at Request.self.callback (/usr/local/Cellar/yarn/1.22.4/libexec/lib/cli.js:140748:22)
      at Request.emit (node:events:390:28)
      at Request.<anonymous> (/usr/local/Cellar/yarn/1.22.4/libexec/lib/cli.js:141720:10)
      at Request.emit (node:events:390:28)
      at IncomingMessage.<anonymous> (/usr/local/Cellar/yarn/1.22.4/libexec/lib/cli.js:141642:12)
      at Object.onceWrapper (node:events:509:28)
      at IncomingMessage.emit (node:events:402:35)
      at endReadableNT (node:internal/streams/readable:1343:12)
      at processTicksAndRejections (node:internal/process/task_queues:83:21)

npm manifest: 
  No manifest

yarn manifest: 
  No manifest

Lockfile: 
  # THIS IS AN AUTOGENERATED FILE. DO NOT EDIT THIS FILE DIRECTLY.
  # yarn lockfile v1
